2013-10-01 17:17:38.834 tickets[58458:a0b] Multi-tasking -> Device: YES, App: YES
2013-10-01 17:17:43.068 tickets[58458:a0b] Resetting plugins due to page load.
2013-10-01 17:17:45.255 tickets[58458:a0b] Finished load of: file:///Users/ben/Library/Application%20Support/iPhone%20Simulator/7.0/Applications/07DCB818-BB2C-4613-A5AF-F4693B19B742/tickets.app/www/index.html
2013-10-01 17:20:07.888 tickets[58822:a0b] Multi-tasking -> Device: YES, App: YES
2013-10-01 17:20:07.965 tickets[58822:a0b] Resetting plugins due to page load.
2013-10-01 17:20:08.009 tickets[58822:a0b] Finished load of: file:///Users/ben/Library/Application%20Support/iPhone%20Simulator/7.0/Applications/07DCB818-BB2C-4613-A5AF-F4693B19B742/tickets.app/www/index.html
2013-10-01 17:52:51.127 tickets[59814:a0b] Multi-tasking -> Device: YES, App: YES
2013-10-01 17:52:51.220 tickets[59814:a0b] Fix applied for database locations?: YES
2013-10-01 17:52:51.269 tickets[59814:a0b] Resetting plugins due to page load.
2013-10-01 17:52:51.579 tickets[59814:a0b] Finished load of: file:///Users/ben/Library/Application%20Support/iPhone%20Simulator/7.0/Applications/8FB6291C-6B97-417B-902A-085CB9EE5104/tickets.app/www/index.html
2013-10-02 16:43:43.639 tickets[64548:a0b] Multi-tasking -> Device: YES, App: YES
2013-10-02 16:43:43.680 tickets[64548:a0b] Fix applied for database locations?: YES
2013-10-02 16:43:45.208 tickets[64548:a0b] Resetting plugins due to page load.
2013-10-02 16:43:45.567 tickets[64548:a0b] Finished load of: file:///Users/ben/Library/Application%20Support/iPhone%20Simulator/7.0/Applications/BFB9AC0A-F50C-47C7-85A1-6EFEBEF5D4EF/tickets.app/www/index.html
Terminating in response to SpringBoard's termination.
2013-10-02 16:45:42.588 tickets[64927:a0b] Multi-tasking -> Device: YES, App: YES
2013-10-02 16:45:42.777 tickets[64927:a0b] Resetting plugins due to page load.
2013-10-02 16:45:43.123 tickets[64927:a0b] Finished load of: file:///Users/ben/Library/Application%20Support/iPhone%20Simulator/7.0/Applications/BFB9AC0A-F50C-47C7-85A1-6EFEBEF5D4EF/tickets.app/www/index.html
2013-10-02 16:53:41.675 tickets[65820:a0b] Multi-tasking -> Device: YES, App: YES
2013-10-02 16:53:41.735 tickets[65820:a0b] Resetting plugins due to page load.
2013-10-02 16:53:41.853 tickets[65820:a0b] Finished load of: file:///Users/ben/Library/Application%20Support/iPhone%20Simulator/7.0/Applications/BFB9AC0A-F50C-47C7-85A1-6EFEBEF5D4EF/tickets.app/www/index.html
2013-10-02 16:54:36.147 tickets[66181:a0b] Multi-tasking -> Device: YES, App: YES
2013-10-02 16:54:36.235 tickets[66181:a0b] Resetting plugins due to page load.
2013-10-02 16:54:36.309 tickets[66181:a0b] Finished load of: file:///Users/ben/Library/Application%20Support/iPhone%20Simulator/7.0/Applications/BFB9AC0A-F50C-47C7-85A1-6EFEBEF5D4EF/tickets.app/www/index.html
2013-10-02 16:55:16.575 tickets[66543:a0b] Multi-tasking -> Device: YES, App: YES
2013-10-02 16:55:18.130 tickets[66543:a0b] Resetting plugins due to page load.
2013-10-02 16:55:18.239 tickets[66543:a0b] Finished load of: file:///Users/ben/Library/Application%20Support/iPhone%20Simulator/7.0/Applications/BFB9AC0A-F50C-47C7-85A1-6EFEBEF5D4EF/tickets.app/www/index.html
2013-10-02 16:58:05.398 tickets[66949:a0b] Multi-tasking -> Device: YES, App: YES
2013-10-02 16:58:05.774 tickets[66949:a0b] Resetting plugins due to page load.
2013-10-02 16:58:05.979 tickets[66949:a0b] Finished load of: file:///Users/ben/Library/Application%20Support/iPhone%20Simulator/7.0/Applications/BFB9AC0A-F50C-47C7-85A1-6EFEBEF5D4EF/tickets.app/www/index.html
2013-10-02 17:10:33.527 tickets[68065:a0b] Multi-tasking -> Device: YES, App: YES
2013-10-02 17:10:33.587 tickets[68065:a0b] Resetting plugins due to page load.
2013-10-02 17:10:33.652 tickets[68065:a0b] Finished load of: file:///Users/ben/Library/Application%20Support/iPhone%20Simulator/7.0/Applications/BFB9AC0A-F50C-47C7-85A1-6EFEBEF5D4EF/tickets.app/www/index.html
